<?xml version="1.0" encoding="UTF-8"?>
<testng-results ignored="0" total="1" passed="1" failed="0" skipped="0">
  <reporter-output>
  </reporter-output>
  <suite started-at="2024-12-09T15:35:42 IST" name="Default suite" finished-at="2024-12-09T15:35:50 IST" duration-ms="8096">
    <groups>
    </groups>
    <test started-at="2024-12-09T15:35:42 IST" name="Default test" finished-at="2024-12-09T15:35:50 IST" duration-ms="8096">
      <class name="testCases.TC_ApmosysLogin">
        <test-method is-config="true" signature="setup()[pri:0, instance:testCases.TC_ApmosysLogin@6892b3b6]" started-at="2024-12-09T15:35:42 IST" name="setup" finished-at="2024-12-09T15:35:45 IST" duration-ms="2991" status="PASS">
          <reporter-output>
          </reporter-output>
        </test-method> <!-- setup -->
        <test-method signature="logintest()[pri:0, instance:testCases.TC_ApmosysLogin@6892b3b6]" started-at="2024-12-09T15:35:45 IST" name="logintest" finished-at="2024-12-09T15:35:50 IST" duration-ms="4948" status="PASS">
          <reporter-output>
          </reporter-output>
        </test-method> <!-- logintest -->
        <test-method is-config="true" signature="tearDown()[pri:0, instance:testCases.TC_ApmosysLogin@6892b3b6]" started-at="2024-12-09T15:35:50 IST" name="tearDown" finished-at="2024-12-09T15:35:50 IST" duration-ms="2" status="PASS">
          <reporter-output>
          </reporter-output>
        </test-method> <!-- tearDown -->
      </class> <!-- testCases.TC_ApmosysLogin -->
    </test> <!-- Default test -->
  </suite> <!-- Default suite -->
</testng-results>
