<?xml version="1.0" encoding="UTF-8"?>
<!-- Generated by org.testng.reporters.JUnitXMLReporter -->
<testsuite ignored="0" hostname="apmosyslt0485" failures="0" tests="5" name="Test" time="13.943" errors="0" timestamp="2024-12-09T15:28:09 IST">
  <testcase classname="com.tutorialsninja.qa.testcases.Search" name="verifySearchWithValidProduct" time="0.667"/>
  <testcase classname="com.tutorialsninja.qa.testcases.Search" name="verifySearchwithnonExistingProduct" time="0.529"/>
  <testcase classname="com.tutorialsninja.qa.testcases.Login" name="verifyInvalidUserAndValidPassword" time="3.635"/>
  <testcase classname="com.tutorialsninja.qa.testcases.Login" name="verifyLoginWithInValidCredentials" time="3.786"/>
  <testcase classname="com.tutorialsninja.qa.testcases.Login" name="verifyLoginWithValidCredentials" time="4.091"/>
</testsuite> <!-- Test -->
