<?xml version="1.0" encoding="UTF-8"?>
<testng-results ignored="0" total="1" passed="1" failed="0" skipped="0">
  <reporter-output>
  </reporter-output>
  <suite started-at="2024-11-12T13:17:25 IST" name="Default suite" finished-at="2024-11-12T13:18:01 IST" duration-ms="35308">
    <groups>
    </groups>
    <test started-at="2024-11-12T13:17:25 IST" name="Default test" finished-at="2024-11-12T13:18:01 IST" duration-ms="35308">
      <class name="testCases.TC_001_AccountRegistrationTest">
        <test-method is-config="true" signature="setup()[pri:0, instance:testCases.TC_001_AccountRegistrationTest@6e6f2380]" started-at="2024-11-12T13:17:25 IST" name="setup" finished-at="2024-11-12T13:17:35 IST" duration-ms="9838" status="PASS">
          <reporter-output>
          </reporter-output>
        </test-method> <!-- setup -->
        <test-method signature="verify_account_registration()[pri:0, instance:testCases.TC_001_AccountRegistrationTest@6e6f2380]" started-at="2024-11-12T13:17:35 IST" name="verify_account_registration" finished-at="2024-11-12T13:18:00 IST" duration-ms="25246" status="PASS">
          <reporter-output>
          </reporter-output>
        </test-method> <!-- verify_account_registration -->
        <test-method is-config="true" signature="teardown()[pri:0, instance:testCases.TC_001_AccountRegistrationTest@6e6f2380]" started-at="2024-11-12T13:18:00 IST" name="teardown" finished-at="2024-11-12T13:18:01 IST" duration-ms="157" status="PASS">
          <reporter-output>
          </reporter-output>
        </test-method> <!-- teardown -->
      </class> <!-- testCases.TC_001_AccountRegistrationTest -->
    </test> <!-- Default test -->
  </suite> <!-- Default suite -->
</testng-results>
