<?xml version="1.0" encoding="UTF-8"?>
<testng-results ignored="0" total="4" passed="4" failed="0" skipped="0">
  <reporter-output>
  </reporter-output>
  <suite started-at="2024-12-10T19:27:18 IST" name="Suite" finished-at="2024-12-10T19:27:28 IST" duration-ms="10455">
    <groups>
    </groups>
    <test started-at="2024-12-10T19:27:18 IST" name="Test" finished-at="2024-12-10T19:27:28 IST" duration-ms="10455">
      <class name="day42.OrangeHRMtest">
        <test-method signature="openapp()[pri:1, instance:day42.OrangeHRMtest@7dfb0c0f]" started-at="2024-12-10T19:27:18 IST" name="openapp" finished-at="2024-12-10T19:27:26 IST" duration-ms="7686" status="PASS">
          <reporter-output>
          </reporter-output>
        </test-method> <!-- openapp -->
        <test-method signature="testlogo()[pri:2, instance:day42.OrangeHRMtest@7dfb0c0f]" started-at="2024-12-10T19:27:26 IST" name="testlogo" finished-at="2024-12-10T19:27:26 IST" duration-ms="812" status="PASS">
          <reporter-output>
          </reporter-output>
        </test-method> <!-- testlogo -->
        <test-method signature="login()[pri:3, instance:day42.OrangeHRMtest@7dfb0c0f]" started-at="2024-12-10T19:27:26 IST" name="login" finished-at="2024-12-10T19:27:28 IST" duration-ms="1644" status="PASS">
          <reporter-output>
          </reporter-output>
        </test-method> <!-- login -->
        <test-method signature="closeapp()[pri:4, instance:day42.OrangeHRMtest@7dfb0c0f]" started-at="2024-12-10T19:27:28 IST" name="closeapp" finished-at="2024-12-10T19:27:28 IST" duration-ms="205" status="PASS">
          <reporter-output>
          </reporter-output>
        </test-method> <!-- closeapp -->
      </class> <!-- day42.OrangeHRMtest -->
    </test> <!-- Test -->
  </suite> <!-- Suite -->
</testng-results>
