<?xml version="1.0" encoding="UTF-8"?>
<!-- Generated by org.testng.reporters.JUnitXMLReporter -->
<testsuite ignored="0" hostname="apmosyslt0485" failures="1" tests="5" name="Test" time="11.949" errors="0" timestamp="2024-11-18T15:57:16 IST">
  <testcase classname="com.tutorialsninja.qa.testcases.Search" name="verifySearchWithValidProduct" time="0.512"/>
  <testcase classname="com.tutorialsninja.qa.testcases.Search" name="verifySearchwithnonExistingProduct" time="0.425">
    <failure type="java.lang.AssertionError" message="There is no product that matches the search criteria. expected:&amp;lt;There is no product that matches the search criteria.&amp;gt; but was:&amp;lt;Expected ErrorMsg not found&amp;gt;">
      <![CDATA[java.lang.AssertionError: There is no product that matches the search criteria. expected:<There is no product that matches the search criteria.> but was:<Expected ErrorMsg not found>
at com.tutorialsninja.qa.testcases.Search.verifySearchwithnonExistingProduct(Search.java:47)
at java.base/java.util.ArrayList.forEach(ArrayList.java:1511)
... Removed 28 stack frames]]>
    </failure>
  </testcase> <!-- verifySearchwithnonExistingProduct -->
  <testcase classname="com.tutorialsninja.qa.testcases.Login" name="verifyInvalidUserAndValidPassword" time="3.21"/>
  <testcase classname="com.tutorialsninja.qa.testcases.Login" name="verifyLoginWithInValidCredentials" time="3.127"/>
  <testcase classname="com.tutorialsninja.qa.testcases.Login" name="verifyLoginWithValidCredentials" time="3.78"/>
</testsuite> <!-- Test -->
