<?xml version="1.0" encoding="UTF-8"?>
<testng-results ignored="0" total="2" passed="2" failed="0" skipped="0">
  <reporter-output>
  </reporter-output>
  <suite started-at="2024-12-09T15:34:44 IST" name="Default suite" finished-at="2024-12-09T15:34:46 IST" duration-ms="2113">
    <groups>
    </groups>
    <test started-at="2024-12-09T15:34:44 IST" name="Default test" finished-at="2024-12-09T15:34:46 IST" duration-ms="2113">
      <class name="com.tutorialsninja.qa.testcases.Search">
        <test-method is-config="true" signature="setup()[pri:0, instance:com.tutorialsninja.qa.testcases.Search@410ae9a3]" started-at="2024-12-09T15:34:44 IST" name="setup" finished-at="2024-12-09T15:34:45 IST" duration-ms="833" status="PASS">
          <reporter-output>
          </reporter-output>
        </test-method> <!-- setup -->
        <test-method signature="verifySearchWithValidProduct()[pri:0, instance:com.tutorialsninja.qa.testcases.Search@410ae9a3]" started-at="2024-12-09T15:34:45 IST" name="verifySearchWithValidProduct" finished-at="2024-12-09T15:34:45 IST" duration-ms="665" status="PASS">
          <reporter-output>
          </reporter-output>
        </test-method> <!-- verifySearchWithValidProduct -->
        <test-method signature="verifySearchwithnonExistingProduct()[pri:0, instance:com.tutorialsninja.qa.testcases.Search@410ae9a3]" started-at="2024-12-09T15:34:45 IST" name="verifySearchwithnonExistingProduct" finished-at="2024-12-09T15:34:46 IST" duration-ms="529" status="PASS">
          <reporter-output>
          </reporter-output>
        </test-method> <!-- verifySearchwithnonExistingProduct -->
        <test-method is-config="true" signature="teardown()[pri:0, instance:com.tutorialsninja.qa.testcases.Search@410ae9a3]" started-at="2024-12-09T15:34:46 IST" name="teardown" finished-at="2024-12-09T15:34:46 IST" duration-ms="1" status="PASS">
          <reporter-output>
          </reporter-output>
        </test-method> <!-- teardown -->
      </class> <!-- com.tutorialsninja.qa.testcases.Search -->
    </test> <!-- Default test -->
  </suite> <!-- Default suite -->
</testng-results>
