<?xml version="1.0" encoding="UTF-8"?>
<!-- Generated by org.testng.reporters.JUnitXMLReporter -->
<testsuite ignored="0" hostname="apmosyslt0485" failures="0" tests="2" name="Default test" time="2.113" errors="0" timestamp="2024-12-09T15:34:46 IST">
  <testcase classname="com.tutorialsninja.qa.testcases.Search" name="verifySearchWithValidProduct" time="0.665"/>
  <testcase classname="com.tutorialsninja.qa.testcases.Search" name="verifySearchwithnonExistingProduct" time="0.529"/>
</testsuite> <!-- Default test -->
