<?xml version="1.0" encoding="UTF-8"?>
<!-- Generated by org.testng.reporters.JUnitXMLReporter -->
<testsuite ignored="3" hostname="apmosyslt0485" failures="0" tests="5" name="grptest" time="0.087" errors="0" timestamp="2024-10-30T11:52:25 IST">
  <testcase classname="day44.Grouping_Test" name="loginbyfacebook" time="0.011"/>
  <testcase classname="day44.Grouping_Test" name="loginbymail" time="0.002"/>
  <testcase classname="day44.Grouping_Test" name="loginbyphone" time="0.002"/>
  <testcase classname="day44.Grouping_Test_verify" name="payemntbyupi" time="0.002"/>
  <testcase classname="day44.Grouping_Test_verify" name="paymentbycard" time="0.002"/>
  <testcase classname="day44.Grouping_signup" name="singuobynumber" time="0.0">
    <ignored/>
  </testcase> <!-- singuobynumber -->
  <testcase classname="day44.Grouping_signup" name="signupbyfacebook" time="0.0">
    <ignored/>
  </testcase> <!-- signupbyfacebook -->
  <testcase classname="day44.Grouping_signup" name="signupbymail" time="0.0">
    <ignored/>
  </testcase> <!-- signupbymail -->
</testsuite> <!-- grptest -->
