<?xml version="1.0" encoding="UTF-8"?>
<!-- Generated by org.testng.reporters.JUnitXMLReporter -->
<testsuite ignored="0" hostname="apmosyslt0485" failures="0" tests="4" name="Test" time="10.455" errors="0" timestamp="2024-12-10T19:27:28 IST">
  <testcase classname="day42.OrangeHRMtest" name="openapp" time="7.686"/>
  <testcase classname="day42.OrangeHRMtest" name="testlogo" time="0.812"/>
  <testcase classname="day42.OrangeHRMtest" name="login" time="1.644"/>
  <testcase classname="day42.OrangeHRMtest" name="closeapp" time="0.205"/>
</testsuite> <!-- Test -->
